-------------------------------------------------------------------------------
Test set: com.edu.webapp.action.UserActionTest
-------------------------------------------------------------------------------
Tests run: 7, Failures: 0, Errors: 1, Skipped: 0, Time elapsed: 12.75 sec <<< FAILURE!
testSearch(com.edu.webapp.action.UserActionTest)  Time elapsed: 9.141 sec  <<< ERROR!
org.compass.core.engine.SearchEngineException: Failed to rename index [target/test-index/index/tutorial] to [target\test-index\index\tutorial-copy0]
	at org.compass.core.lucene.engine.store.FSDirectoryStore.beforeCopyFrom(FSDirectoryStore.java:157)
	at org.compass.core.lucene.engine.store.DefaultLuceneSearchEngineStore.copyFrom(DefaultLuceneSearchEngineStore.java:616)
	at org.compass.core.lucene.engine.store.DefaultLuceneSearchEngineStore.copyFrom(DefaultLuceneSearchEngineStore.java:602)
	at org.compass.core.lucene.engine.manager.DefaultLuceneSearchEngineIndexManager$ReplaceIndexOperationCallback$1$1.run(DefaultLuceneSearchEngineIndexManager.java:298)
	at org.compass.core.lucene.engine.manager.IndexHoldersCache.doUnderCacheLock(IndexHoldersCache.java:126)
	at org.compass.core.lucene.engine.manager.DefaultLuceneSearchEngineIndexManager$ReplaceIndexOperationCallback$1.doInTransaction(DefaultLuceneSearchEngineIndexManager.java:294)
	at org.compass.core.impl.DefaultCompass$CompassTransactionContext.execute(DefaultCompass.java:423)
	at org.compass.core.lucene.engine.manager.DefaultLuceneSearchEngineIndexManager$ReplaceIndexOperationCallback.secondStep(DefaultLuceneSearchEngineIndexManager.java:290)
	at org.compass.core.lucene.engine.manager.DefaultLuceneSearchEngineIndexManager.doOperate(DefaultLuceneSearchEngineIndexManager.java:248)
	at org.compass.core.lucene.engine.manager.DefaultLuceneSearchEngineIndexManager.doReplaceIndex(DefaultLuceneSearchEngineIndexManager.java:266)
	at org.compass.core.lucene.engine.manager.DefaultLuceneSearchEngineIndexManager.replaceIndex(DefaultLuceneSearchEngineIndexManager.java:261)
	at org.compass.gps.impl.SingleCompassGps.doIndex(SingleCompassGps.java:118)
	at org.compass.gps.impl.AbstractCompassGps.index(AbstractCompassGps.java:154)
	at org.compass.gps.impl.AbstractCompassGps.index(AbstractCompassGps.java:128)
	at com.edu.webapp.action.UserActionTest.testSearch(UserActionTest.java:103)
	at sun.reflect.NativeMethodAccessorImpl.invoke0(Native Method)
	at sun.reflect.NativeMethodAccessorImpl.invoke(NativeMethodAccessorImpl.java:39)
	at sun.reflect.DelegatingMethodAccessorImpl.invoke(DelegatingMethodAccessorImpl.java:25)
	at java.lang.reflect.Method.invoke(Method.java:597)
	at org.junit.runners.model.FrameworkMethod$1.runReflectiveCall(FrameworkMethod.java:44)
	at org.junit.internal.runners.model.ReflectiveCallable.run(ReflectiveCallable.java:15)
	at org.junit.runners.model.FrameworkMethod.invokeExplosively(FrameworkMethod.java:41)
	at org.junit.internal.runners.statements.InvokeMethod.evaluate(InvokeMethod.java:20)
	at org.junit.internal.runners.statements.RunBefores.evaluate(RunBefores.java:28)
	at org.springframework.test.context.junit4.statements.RunBeforeTestMethodCallbacks.evaluate(RunBeforeTestMethodCallbacks.java:74)
	at org.junit.internal.runners.statements.RunAfters.evaluate(RunAfters.java:31)
	at org.springframework.test.context.junit4.statements.RunAfterTestMethodCallbacks.evaluate(RunAfterTestMethodCallbacks.java:82)
	at org.springframework.test.context.junit4.statements.SpringRepeat.evaluate(SpringRepeat.java:72)
	at org.springframework.test.context.junit4.SpringJUnit4ClassRunner.runChild(SpringJUnit4ClassRunner.java:240)
	at org.junit.runners.BlockJUnit4ClassRunner.runChild(BlockJUnit4ClassRunner.java:46)
	at org.junit.runners.ParentRunner.runChildren(ParentRunner.java:180)
	at org.junit.runners.ParentRunner.access$000(ParentRunner.java:41)
	at org.junit.runners.ParentRunner$1.evaluate(ParentRunner.java:173)
	at org.junit.internal.runners.statements.RunBefores.evaluate(RunBefores.java:28)
	at org.springframework.test.context.junit4.statements.RunBeforeTestClassCallbacks.evaluate(RunBeforeTestClassCallbacks.java:61)
	at org.junit.internal.runners.statements.RunAfters.evaluate(RunAfters.java:31)
	at org.springframework.test.context.junit4.statements.RunAfterTestClassCallbacks.evaluate(RunAfterTestClassCallbacks.java:70)
	at org.junit.runners.ParentRunner.run(ParentRunner.java:220)
	at org.springframework.test.context.junit4.SpringJUnit4ClassRunner.run(SpringJUnit4ClassRunner.java:180)
	at org.apache.maven.surefire.junit4.JUnit4TestSet.execute(JUnit4TestSet.java:35)
	at org.apache.maven.surefire.junit4.JUnit4Provider.executeTestSet(JUnit4Provider.java:146)
	at org.apache.maven.surefire.junit4.JUnit4Provider.invoke(JUnit4Provider.java:97)
	at sun.reflect.NativeMethodAccessorImpl.invoke0(Native Method)
	at sun.reflect.NativeMethodAccessorImpl.invoke(NativeMethodAccessorImpl.java:39)
	at sun.reflect.DelegatingMethodAccessorImpl.invoke(DelegatingMethodAccessorImpl.java:25)
	at java.lang.reflect.Method.invoke(Method.java:597)
	at org.apache.maven.surefire.booter.ProviderFactory$ClassLoaderProxy.invoke(ProviderFactory.java:103)
	at $Proxy0.invoke(Unknown Source)
	at org.apache.maven.surefire.booter.SurefireStarter.invokeProvider(SurefireStarter.java:145)
	at org.apache.maven.surefire.booter.SurefireStarter.runSuitesInProcess(SurefireStarter.java:87)
	at org.apache.maven.surefire.booter.ForkedBooter.main(ForkedBooter.java:69)

