-------------------------------------------------------------------------------
Test set: com.edu.webapp.listener.StartupListenerTest
-------------------------------------------------------------------------------
Tests run: 1, Failures: 0, Errors: 1, Skipped: 0, Time elapsed: 9.703 sec <<< FAILURE!
testContextInitialized(com.edu.webapp.listener.StartupListenerTest)  Time elapsed: 9.703 sec  <<< ERROR!
org.compass.core.engine.SearchEngineException: Failed to rename index [target/test-index/index/tutorial] to [target\test-index\index\tutorial-copy0]
	at org.compass.core.lucene.engine.store.FSDirectoryStore.beforeCopyFrom(FSDirectoryStore.java:157)
	at org.compass.core.lucene.engine.store.DefaultLuceneSearchEngineStore.copyFrom(DefaultLuceneSearchEngineStore.java:616)
	at org.compass.core.lucene.engine.store.DefaultLuceneSearchEngineStore.copyFrom(DefaultLuceneSearchEngineStore.java:602)
	at org.compass.core.lucene.engine.manager.DefaultLuceneSearchEngineIndexManager$ReplaceIndexOperationCallback$1$1.run(DefaultLuceneSearchEngineIndexManager.java:298)
	at org.compass.core.lucene.engine.manager.IndexHoldersCache.doUnderCacheLock(IndexHoldersCache.java:126)
	at org.compass.core.lucene.engine.manager.DefaultLuceneSearchEngineIndexManager$ReplaceIndexOperationCallback$1.doInTransaction(DefaultLuceneSearchEngineIndexManager.java:294)
	at org.compass.core.impl.DefaultCompass$CompassTransactionContext.execute(DefaultCompass.java:423)
	at org.compass.core.lucene.engine.manager.DefaultLuceneSearchEngineIndexManager$ReplaceIndexOperationCallback.secondStep(DefaultLuceneSearchEngineIndexManager.java:290)
	at org.compass.core.lucene.engine.manager.DefaultLuceneSearchEngineIndexManager.doOperate(DefaultLuceneSearchEngineIndexManager.java:248)
	at org.compass.core.lucene.engine.manager.DefaultLuceneSearchEngineIndexManager.doReplaceIndex(DefaultLuceneSearchEngineIndexManager.java:266)
	at org.compass.core.lucene.engine.manager.DefaultLuceneSearchEngineIndexManager.replaceIndex(DefaultLuceneSearchEngineIndexManager.java:261)
	at org.compass.gps.impl.SingleCompassGps.doIndex(SingleCompassGps.java:118)
	at org.compass.gps.impl.AbstractCompassGps.index(AbstractCompassGps.java:154)
	at org.compass.gps.impl.AbstractCompassGps.index(AbstractCompassGps.java:128)
	at com.edu.webapp.listener.StartupListener.setupContext(StartupListener.java:110)
	at com.edu.webapp.listener.StartupListener.contextInitialized(StartupListener.java:93)
	at com.edu.webapp.listener.StartupListenerTest.testContextInitialized(StartupListenerTest.java:50)
	at sun.reflect.NativeMethodAccessorImpl.invoke0(Native Method)
	at sun.reflect.NativeMethodAccessorImpl.invoke(NativeMethodAccessorImpl.java:39)
	at sun.reflect.DelegatingMethodAccessorImpl.invoke(DelegatingMethodAccessorImpl.java:25)
	at java.lang.reflect.Method.invoke(Method.java:597)
	at junit.framework.TestCase.runTest(TestCase.java:168)
	at junit.framework.TestCase.runBare(TestCase.java:134)
	at junit.framework.TestResult$1.protect(TestResult.java:110)
	at junit.framework.TestResult.runProtected(TestResult.java:128)
	at junit.framework.TestResult.run(TestResult.java:113)
	at junit.framework.TestCase.run(TestCase.java:124)
	at junit.framework.TestSuite.runTest(TestSuite.java:232)
	at junit.framework.TestSuite.run(TestSuite.java:227)
	at org.junit.internal.runners.JUnit38ClassRunner.run(JUnit38ClassRunner.java:79)
	at org.apache.maven.surefire.junit4.JUnit4TestSet.execute(JUnit4TestSet.java:35)
	at org.apache.maven.surefire.junit4.JUnit4Provider.executeTestSet(JUnit4Provider.java:146)
	at org.apache.maven.surefire.junit4.JUnit4Provider.invoke(JUnit4Provider.java:97)
	at sun.reflect.NativeMethodAccessorImpl.invoke0(Native Method)
	at sun.reflect.NativeMethodAccessorImpl.invoke(NativeMethodAccessorImpl.java:39)
	at sun.reflect.DelegatingMethodAccessorImpl.invoke(DelegatingMethodAccessorImpl.java:25)
	at java.lang.reflect.Method.invoke(Method.java:597)
	at org.apache.maven.surefire.booter.ProviderFactory$ClassLoaderProxy.invoke(ProviderFactory.java:103)
	at $Proxy0.invoke(Unknown Source)
	at org.apache.maven.surefire.booter.SurefireStarter.invokeProvider(SurefireStarter.java:145)
	at org.apache.maven.surefire.booter.SurefireStarter.runSuitesInProcess(SurefireStarter.java:87)
	at org.apache.maven.surefire.booter.ForkedBooter.main(ForkedBooter.java:69)

